  program.cpp
c:\users\tamim\onedrive\documents\github\object_outlining\outline\external_libraries\include\utility\camera.h(110): warning C4244: 'initializing': conversion from 'double' to 'float', possible loss of data
c:\users\tamim\onedrive\documents\github\object_outlining\outline\external_libraries\include\utility\camera.h(111): warning C4244: 'initializing': conversion from 'double' to 'float', possible loss of data
c:\users\tamim\onedrive\documents\github\object_outlining\outline\external_libraries\include\utility\camera.h(118): warning C4244: '=': conversion from 'double' to 'float', possible loss of data
c:\users\tamim\onedrive\documents\github\object_outlining\outline\external_libraries\include\utility\camera.h(119): warning C4244: '=': conversion from 'double' to 'float', possible loss of data
c:\users\tamim\onedrive\documents\github\object_outlining\outline\outline\program.cpp(48): warning C4244: '=': conversion from 'int' to 'float', possible loss of data
c:\users\tamim\onedrive\documents\github\object_outlining\outline\outline\program.cpp(49): warning C4244: '=': conversion from 'int' to 'float', possible loss of data
c:\users\tamim\onedrive\documents\github\object_outlining\outline\outline\program.cpp(92): warning C4244: 'initializing': conversion from 'double' to 'float', possible loss of data
LINK : warning LNK4098: defaultlib 'MSVCRTD' conflicts with use of other libs; use /NODEFAULTLIB:library
  Generating code
  9 of 2822 functions ( 0.3%) were compiled, the rest were copied from previous compilation.
    7 functions were new in current compilation
    6 functions had inline decision re-evaluated but remain unchanged
  Finished generating code
glfw3.lib(context.obj) : warning LNK4099: PDB 'glfw.pdb' was not found with 'glfw3.lib(context.obj)' or at 'C:\Users\tamim\OneDrive\Documents\GitHub\Object_outlining\outline\Release\glfw.pdb'; linking object as if no debug info
glfw3.lib(init.obj) : warning LNK4099: PDB 'glfw.pdb' was not found with 'glfw3.lib(init.obj)' or at 'C:\Users\tamim\OneDrive\Documents\GitHub\Object_outlining\outline\Release\glfw.pdb'; linking object as if no debug info
glfw3.lib(input.obj) : warning LNK4099: PDB 'glfw.pdb' was not found with 'glfw3.lib(input.obj)' or at 'C:\Users\tamim\OneDrive\Documents\GitHub\Object_outlining\outline\Release\glfw.pdb'; linking object as if no debug info
glfw3.lib(monitor.obj) : warning LNK4099: PDB 'glfw.pdb' was not found with 'glfw3.lib(monitor.obj)' or at 'C:\Users\tamim\OneDrive\Documents\GitHub\Object_outlining\outline\Release\glfw.pdb'; linking object as if no debug info
glfw3.lib(vulkan.obj) : warning LNK4099: PDB 'glfw.pdb' was not found with 'glfw3.lib(vulkan.obj)' or at 'C:\Users\tamim\OneDrive\Documents\GitHub\Object_outlining\outline\Release\glfw.pdb'; linking object as if no debug info
glfw3.lib(window.obj) : warning LNK4099: PDB 'glfw.pdb' was not found with 'glfw3.lib(window.obj)' or at 'C:\Users\tamim\OneDrive\Documents\GitHub\Object_outlining\outline\Release\glfw.pdb'; linking object as if no debug info
glfw3.lib(win32_init.obj) : warning LNK4099: PDB 'glfw.pdb' was not found with 'glfw3.lib(win32_init.obj)' or at 'C:\Users\tamim\OneDrive\Documents\GitHub\Object_outlining\outline\Release\glfw.pdb'; linking object as if no debug info
glfw3.lib(win32_joystick.obj) : warning LNK4099: PDB 'glfw.pdb' was not found with 'glfw3.lib(win32_joystick.obj)' or at 'C:\Users\tamim\OneDrive\Documents\GitHub\Object_outlining\outline\Release\glfw.pdb'; linking object as if no debug info
glfw3.lib(win32_monitor.obj) : warning LNK4099: PDB 'glfw.pdb' was not found with 'glfw3.lib(win32_monitor.obj)' or at 'C:\Users\tamim\OneDrive\Documents\GitHub\Object_outlining\outline\Release\glfw.pdb'; linking object as if no debug info
glfw3.lib(win32_time.obj) : warning LNK4099: PDB 'glfw.pdb' was not found with 'glfw3.lib(win32_time.obj)' or at 'C:\Users\tamim\OneDrive\Documents\GitHub\Object_outlining\outline\Release\glfw.pdb'; linking object as if no debug info
glfw3.lib(win32_thread.obj) : warning LNK4099: PDB 'glfw.pdb' was not found with 'glfw3.lib(win32_thread.obj)' or at 'C:\Users\tamim\OneDrive\Documents\GitHub\Object_outlining\outline\Release\glfw.pdb'; linking object as if no debug info
glfw3.lib(win32_window.obj) : warning LNK4099: PDB 'glfw.pdb' was not found with 'glfw3.lib(win32_window.obj)' or at 'C:\Users\tamim\OneDrive\Documents\GitHub\Object_outlining\outline\Release\glfw.pdb'; linking object as if no debug info
glfw3.lib(wgl_context.obj) : warning LNK4099: PDB 'glfw.pdb' was not found with 'glfw3.lib(wgl_context.obj)' or at 'C:\Users\tamim\OneDrive\Documents\GitHub\Object_outlining\outline\Release\glfw.pdb'; linking object as if no debug info
glfw3.lib(egl_context.obj) : warning LNK4099: PDB 'glfw.pdb' was not found with 'glfw3.lib(egl_context.obj)' or at 'C:\Users\tamim\OneDrive\Documents\GitHub\Object_outlining\outline\Release\glfw.pdb'; linking object as if no debug info
glfw3.lib(osmesa_context.obj) : warning LNK4099: PDB 'glfw.pdb' was not found with 'glfw3.lib(osmesa_context.obj)' or at 'C:\Users\tamim\OneDrive\Documents\GitHub\Object_outlining\outline\Release\glfw.pdb'; linking object as if no debug info
  outline.vcxproj -> C:\Users\tamim\OneDrive\Documents\GitHub\Object_outlining\outline\Release\outline.exe
